running develop
running egg_info
creating perception_stack.egg-info
writing perception_stack.egg-info/PKG-INFO
writing dependency_links to perception_stack.egg-info/dependency_links.txt
writing entry points to perception_stack.egg-info/entry_points.txt
writing requirements to perception_stack.egg-info/requires.txt
writing top-level names to perception_stack.egg-info/top_level.txt
writing manifest file 'perception_stack.egg-info/SOURCES.txt'
reading manifest file 'perception_stack.egg-info/SOURCES.txt'
writing manifest file 'perception_stack.egg-info/SOURCES.txt'
running build_ext
Creating /home/bottledsmoke/drone_nav_ws/install/perception_stack/lib/python3.10/site-packages/perception-stack.egg-link (link to .)
Installing costmap_node script to /home/bottledsmoke/drone_nav_ws/install/perception_stack/lib/perception_stack
Installing depth_estimator script to /home/bottledsmoke/drone_nav_ws/install/perception_stack/lib/perception_stack

Installed /home/bottledsmoke/drone_nav_ws/build/perception_stack
running symlink_data
creating /home/bottledsmoke/drone_nav_ws/install/perception_stack/share/ament_index
creating /home/bottledsmoke/drone_nav_ws/install/perception_stack/share/ament_index/resource_index
creating /home/bottledsmoke/drone_nav_ws/install/perception_stack/share/ament_index/resource_index/packages
symbolically linking /home/bottledsmoke/drone_nav_ws/build/perception_stack/resource/perception_stack -> /home/bottledsmoke/drone_nav_ws/install/perception_stack/share/ament_index/resource_index/packages
symbolically linking /home/bottledsmoke/drone_nav_ws/build/perception_stack/package.xml -> /home/bottledsmoke/drone_nav_ws/install/perception_stack/share/perception_stack
