[0.545s] Invoking command in '/home/bottledsmoke/drone_nav_ws/build/perception_stack': PYTHONPATH=/home/bottledsmoke/drone_nav_ws/build/perception_stack/prefix_override:/usr/lib/python3/dist-packages/colcon_core/task/python/colcon_distutils_commands:/home/bottledsmoke/drone_nav_ws/install/perception_stack/lib/python3.10/site-packages:${PYTHONPATH} /usr/bin/python3 -W ignore:setup.py install is deprecated -W ignore:easy_install command is deprecated setup.py develop --editable --build-directory /home/bottledsmoke/drone_nav_ws/build/perception_stack/build --no-deps symlink_data
[0.795s] running develop
[0.959s] running egg_info
[0.959s] creating perception_stack.egg-info
[0.971s] writing perception_stack.egg-info/PKG-INFO
[0.971s] writing dependency_links to perception_stack.egg-info/dependency_links.txt
[0.971s] writing entry points to perception_stack.egg-info/entry_points.txt
[0.971s] writing requirements to perception_stack.egg-info/requires.txt
[0.971s] writing top-level names to perception_stack.egg-info/top_level.txt
[0.972s] writing manifest file 'perception_stack.egg-info/SOURCES.txt'
[0.997s] reading manifest file 'perception_stack.egg-info/SOURCES.txt'
[0.998s] writing manifest file 'perception_stack.egg-info/SOURCES.txt'
[1.011s] running build_ext
[1.011s] Creating /home/bottledsmoke/drone_nav_ws/install/perception_stack/lib/python3.10/site-packages/perception-stack.egg-link (link to .)
[1.012s] Installing costmap_node script to /home/bottledsmoke/drone_nav_ws/install/perception_stack/lib/perception_stack
[1.012s] Installing depth_estimator script to /home/bottledsmoke/drone_nav_ws/install/perception_stack/lib/perception_stack
[1.012s] 
[1.012s] Installed /home/bottledsmoke/drone_nav_ws/build/perception_stack
[1.012s] running symlink_data
[1.012s] creating /home/bottledsmoke/drone_nav_ws/install/perception_stack/share/ament_index
[1.013s] creating /home/bottledsmoke/drone_nav_ws/install/perception_stack/share/ament_index/resource_index
[1.013s] creating /home/bottledsmoke/drone_nav_ws/install/perception_stack/share/ament_index/resource_index/packages
[1.013s] symbolically linking /home/bottledsmoke/drone_nav_ws/build/perception_stack/resource/perception_stack -> /home/bottledsmoke/drone_nav_ws/install/perception_stack/share/ament_index/resource_index/packages
[1.013s] symbolically linking /home/bottledsmoke/drone_nav_ws/build/perception_stack/package.xml -> /home/bottledsmoke/drone_nav_ws/install/perception_stack/share/perception_stack
[1.039s] Invoked command in '/home/bottledsmoke/drone_nav_ws/build/perception_stack' returned '0': PYTHONPATH=/home/bottledsmoke/drone_nav_ws/build/perception_stack/prefix_override:/usr/lib/python3/dist-packages/colcon_core/task/python/colcon_distutils_commands:/home/bottledsmoke/drone_nav_ws/install/perception_stack/lib/python3.10/site-packages:${PYTHONPATH} /usr/bin/python3 -W ignore:setup.py install is deprecated -W ignore:easy_install command is deprecated setup.py develop --editable --build-directory /home/bottledsmoke/drone_nav_ws/build/perception_stack/build --no-deps symlink_data
