[0.108s] DEBUG:colcon:Command line arguments: ['/usr/bin/colcon', 'build', '--symlink-install']
[0.108s] DEBUG:colcon:Parsed command line arguments: Namespace(log_base=None, log_level=None, verb_name='build', build_base='build', install_base='install', merge_install=False, symlink_install=True, test_result_base=None, continue_on_error=False, executor='parallel', parallel_workers=18, event_handlers=None, ignore_user_meta=False, metas=['./colcon.meta'], base_paths=['.'], packages_ignore=None, packages_ignore_regex=None, paths=None, packages_up_to=None, packages_up_to_regex=None, packages_above=None, packages_above_and_dependencies=None, packages_above_depth=None, packages_select_by_dep=None, packages_skip_by_dep=None, packages_skip_up_to=None, packages_select_build_failed=False, packages_skip_build_finished=False, packages_select_test_failures=False, packages_skip_test_passed=False, packages_select=None, packages_skip=None, packages_select_regex=None, packages_skip_regex=None, packages_start=None, packages_end=None, allow_overriding=[], cmake_args=None, cmake_target=None, cmake_target_skip_unavailable=False, cmake_clean_cache=False, cmake_clean_first=False, cmake_force_configure=False, ament_cmake_args=None, catkin_cmake_args=None, catkin_skip_building_tests=False, mixin_files=None, mixin=None, verb_parser=<colcon_mixin.mixin.mixin_argument.MixinArgumentDecorator object at 0x74b8f5867b80>, verb_extension=<colcon_core.verb.build.BuildVerb object at 0x74b8f5867550>, main=<bound method BuildVerb.main of <colcon_core.verb.build.BuildVerb object at 0x74b8f5867550>>, mixin_verb=('build',))
[0.140s] Level 1:colcon.colcon_core.package_discovery:discover_packages(colcon_meta) check parameters
[0.140s] Level 1:colcon.colcon_core.package_discovery:discover_packages(recursive) check parameters
[0.140s] Level 1:colcon.colcon_core.package_discovery:discover_packages(ignore) check parameters
[0.140s] Level 1:colcon.colcon_core.package_discovery:discover_packages(path) check parameters
[0.140s] Level 1:colcon.colcon_core.package_discovery:discover_packages(colcon_meta) discover
[0.140s] Level 1:colcon.colcon_core.package_discovery:discover_packages(recursive) discover
[0.140s] INFO:colcon.colcon_core.package_discovery:Crawling recursively for packages in '/home/bottledsmoke/drone_nav_ws'
[0.140s] Level 1:colcon.colcon_core.package_identification:_identify(.) by extensions ['ignore', 'ignore_ament_install']
[0.140s] Level 1:colcon.colcon_core.package_identification:_identify(.) by extension 'ignore'
[0.140s] Level 1:colcon.colcon_core.package_identification:_identify(.) by extension 'ignore_ament_install'
[0.140s] Level 1:colcon.colcon_core.package_identification:_identify(.) by extensions ['colcon_pkg']
[0.140s] Level 1:colcon.colcon_core.package_identification:_identify(.) by extension 'colcon_pkg'
[0.140s] Level 1:colcon.colcon_core.package_identification:_identify(.) by extensions ['colcon_meta']
[0.140s] Level 1:colcon.colcon_core.package_identification:_identify(.) by extension 'colcon_meta'
[0.140s] Level 1:colcon.colcon_core.package_identification:_identify(.) by extensions ['ros']
[0.140s] Level 1:colcon.colcon_core.package_identification:_identify(.) by extension 'ros'
[0.162s] Level 1:colcon.colcon_core.package_identification:_identify(.) by extensions ['cmake', 'python']
[0.162s] Level 1:colcon.colcon_core.package_identification:_identify(.) by extension 'cmake'
[0.162s] Level 1:colcon.colcon_core.package_identification:_identify(.) by extension 'python'
[0.162s] Level 1:colcon.colcon_core.package_identification:_identify(.) by extensions ['python_setup_py']
[0.162s] Level 1:colcon.colcon_core.package_identification:_identify(.) by extension 'python_setup_py'
[0.162s] Level 1:colcon.colcon_core.package_identification:_identify(build) by extensions ['ignore', 'ignore_ament_install']
[0.163s] Level 1:colcon.colcon_core.package_identification:_identify(build) by extension 'ignore'
[0.163s] Level 1:colcon.colcon_core.package_identification:_identify(build) ignored
[0.163s] Level 1:colcon.colcon_core.package_identification:_identify(install) by extensions ['ignore', 'ignore_ament_install']
[0.163s] Level 1:colcon.colcon_core.package_identification:_identify(install) by extension 'ignore'
[0.163s] Level 1:colcon.colcon_core.package_identification:_identify(install) ignored
[0.163s] Level 1:colcon.colcon_core.package_identification:_identify(log) by extensions ['ignore', 'ignore_ament_install']
[0.163s] Level 1:colcon.colcon_core.package_identification:_identify(log) by extension 'ignore'
[0.163s] Level 1:colcon.colcon_core.package_identification:_identify(log) ignored
[0.163s] Level 1:colcon.colcon_core.package_identification:_identify(src) by extensions ['ignore', 'ignore_ament_install']
[0.163s] Level 1:colcon.colcon_core.package_identification:_identify(src) by extension 'ignore'
[0.163s] Level 1:colcon.colcon_core.package_identification:_identify(src) by extension 'ignore_ament_install'
[0.163s] Level 1:colcon.colcon_core.package_identification:_identify(src) by extensions ['colcon_pkg']
[0.163s] Level 1:colcon.colcon_core.package_identification:_identify(src) by extension 'colcon_pkg'
[0.163s] Level 1:colcon.colcon_core.package_identification:_identify(src) by extensions ['colcon_meta']
[0.163s] Level 1:colcon.colcon_core.package_identification:_identify(src) by extension 'colcon_meta'
[0.163s] Level 1:colcon.colcon_core.package_identification:_identify(src) by extensions ['ros']
[0.163s] Level 1:colcon.colcon_core.package_identification:_identify(src) by extension 'ros'
[0.163s] Level 1:colcon.colcon_core.package_identification:_identify(src) by extensions ['cmake', 'python']
[0.163s] Level 1:colcon.colcon_core.package_identification:_identify(src) by extension 'cmake'
[0.163s] Level 1:colcon.colcon_core.package_identification:_identify(src) by extension 'python'
[0.163s] Level 1:colcon.colcon_core.package_identification:_identify(src) by extensions ['python_setup_py']
[0.163s] Level 1:colcon.colcon_core.package_identification:_identify(src) by extension 'python_setup_py'
[0.163s] Level 1:colcon.colcon_core.package_identification:_identify(src/perception_stack) by extensions ['ignore', 'ignore_ament_install']
[0.163s] Level 1:colcon.colcon_core.package_identification:_identify(src/perception_stack) by extension 'ignore'
[0.163s] Level 1:colcon.colcon_core.package_identification:_identify(src/perception_stack) by extension 'ignore_ament_install'
[0.163s] Level 1:colcon.colcon_core.package_identification:_identify(src/perception_stack) by extensions ['colcon_pkg']
[0.163s] Level 1:colcon.colcon_core.package_identification:_identify(src/perception_stack) by extension 'colcon_pkg'
[0.163s] Level 1:colcon.colcon_core.package_identification:_identify(src/perception_stack) by extensions ['colcon_meta']
[0.163s] Level 1:colcon.colcon_core.package_identification:_identify(src/perception_stack) by extension 'colcon_meta'
[0.163s] Level 1:colcon.colcon_core.package_identification:_identify(src/perception_stack) by extensions ['ros']
[0.163s] Level 1:colcon.colcon_core.package_identification:_identify(src/perception_stack) by extension 'ros'
[0.165s] DEBUG:colcon.colcon_core.package_identification:Package 'src/perception_stack' with type 'ros.ament_python' and name 'perception_stack'
[0.165s] Level 1:colcon.colcon_core.package_discovery:discover_packages(recursive) using defaults
[0.165s] Level 1:colcon.colcon_core.package_discovery:discover_packages(ignore) discover
[0.165s] Level 1:colcon.colcon_core.package_discovery:discover_packages(ignore) using defaults
[0.165s] Level 1:colcon.colcon_core.package_discovery:discover_packages(path) discover
[0.165s] Level 1:colcon.colcon_core.package_discovery:discover_packages(path) using defaults
[0.181s] Level 1:colcon.colcon_core.package_discovery:discover_packages(prefix_path) check parameters
[0.181s] Level 1:colcon.colcon_core.package_discovery:discover_packages(prefix_path) discover
[0.183s] DEBUG:colcon.colcon_installed_package_information.package_discovery:Found 2 installed packages in /home/bottledsmoke/ws_sensor_combined/install
[0.183s] DEBUG:colcon.colcon_installed_package_information.package_discovery:Found 1 installed packages in /home/bottledsmoke/ros2_ws_test/install
[0.183s] DEBUG:colcon.colcon_installed_package_information.package_discovery:Found 1 installed packages in /home/bottledsmoke/ros2_ws/install
[0.184s] DEBUG:colcon.colcon_installed_package_information.package_discovery:Found 307 installed packages in /opt/ros/humble
[0.185s] Level 1:colcon.colcon_core.package_discovery:discover_packages(prefix_path) using defaults
[0.209s] Level 5:colcon.colcon_core.verb:set package 'perception_stack' build argument 'cmake_args' from command line to 'None'
[0.209s] Level 5:colcon.colcon_core.verb:set package 'perception_stack' build argument 'cmake_target' from command line to 'None'
[0.209s] Level 5:colcon.colcon_core.verb:set package 'perception_stack' build argument 'cmake_target_skip_unavailable' from command line to 'False'
[0.209s] Level 5:colcon.colcon_core.verb:set package 'perception_stack' build argument 'cmake_clean_cache' from command line to 'False'
[0.209s] Level 5:colcon.colcon_core.verb:set package 'perception_stack' build argument 'cmake_clean_first' from command line to 'False'
[0.209s] Level 5:colcon.colcon_core.verb:set package 'perception_stack' build argument 'cmake_force_configure' from command line to 'False'
[0.209s] Level 5:colcon.colcon_core.verb:set package 'perception_stack' build argument 'ament_cmake_args' from command line to 'None'
[0.209s] Level 5:colcon.colcon_core.verb:set package 'perception_stack' build argument 'catkin_cmake_args' from command line to 'None'
[0.209s] Level 5:colcon.colcon_core.verb:set package 'perception_stack' build argument 'catkin_skip_building_tests' from command line to 'False'
[0.209s] DEBUG:colcon.colcon_core.verb:Building package 'perception_stack' with the following arguments: {'ament_cmake_args': None, 'build_base': '/home/bottledsmoke/drone_nav_ws/build/perception_stack', 'catkin_cmake_args': None, 'catkin_skip_building_tests': False, 'cmake_args': None, 'cmake_clean_cache': False, 'cmake_clean_first': False, 'cmake_force_configure': False, 'cmake_target': None, 'cmake_target_skip_unavailable': False, 'install_base': '/home/bottledsmoke/drone_nav_ws/install/perception_stack', 'merge_install': False, 'path': '/home/bottledsmoke/drone_nav_ws/src/perception_stack', 'symlink_install': True, 'test_result_base': None}
[0.209s] INFO:colcon.colcon_core.executor:Executing jobs using 'parallel' executor
[0.210s] DEBUG:colcon.colcon_parallel_executor.executor.parallel:run_until_complete
[0.211s] INFO:colcon.colcon_ros.task.ament_python.build:Building ROS package in '/home/bottledsmoke/drone_nav_ws/src/perception_stack' with build type 'ament_python'
[0.211s] Level 1:colcon.colcon_core.shell:create_environment_hook('perception_stack', 'ament_prefix_path')
[0.214s] INFO:colcon.colcon_core.plugin_system:Skipping extension 'colcon_core.shell.bat': Not used on non-Windows systems
[0.214s] INFO:colcon.colcon_core.shell:Creating environment hook '/home/bottledsmoke/drone_nav_ws/install/perception_stack/share/perception_stack/hook/ament_prefix_path.ps1'
[0.215s] INFO:colcon.colcon_core.shell:Creating environment descriptor '/home/bottledsmoke/drone_nav_ws/install/perception_stack/share/perception_stack/hook/ament_prefix_path.dsv'
[0.215s] INFO:colcon.colcon_core.shell:Creating environment hook '/home/bottledsmoke/drone_nav_ws/install/perception_stack/share/perception_stack/hook/ament_prefix_path.sh'
[0.215s] INFO:colcon.colcon_core.shell:Skip shell extension 'powershell' for command environment: Not usable outside of PowerShell
[0.215s] DEBUG:colcon.colcon_core.shell:Skip shell extension 'dsv' for command environment
[0.355s] INFO:colcon.colcon_core.task.python.build:Building Python package in '/home/bottledsmoke/drone_nav_ws/src/perception_stack'
[0.356s] INFO:colcon.colcon_core.shell:Skip shell extension 'powershell' for command environment: Not usable outside of PowerShell
[0.356s] DEBUG:colcon.colcon_core.shell:Skip shell extension 'dsv' for command environment
[0.756s] DEBUG:colcon.colcon_core.event_handler.log_command:Invoking command in '/home/bottledsmoke/drone_nav_ws/build/perception_stack': PYTHONPATH=/home/bottledsmoke/drone_nav_ws/build/perception_stack/prefix_override:/usr/lib/python3/dist-packages/colcon_core/task/python/colcon_distutils_commands:/home/bottledsmoke/drone_nav_ws/install/perception_stack/lib/python3.10/site-packages:${PYTHONPATH} /usr/bin/python3 -W ignore:setup.py install is deprecated -W ignore:easy_install command is deprecated setup.py develop --editable --build-directory /home/bottledsmoke/drone_nav_ws/build/perception_stack/build --no-deps symlink_data
[1.249s] Level 1:colcon.colcon_core.shell:create_environment_hook('perception_stack', 'pythonpath_develop')
[1.249s] INFO:colcon.colcon_core.shell:Creating environment hook '/home/bottledsmoke/drone_nav_ws/build/perception_stack/share/perception_stack/hook/pythonpath_develop.ps1'
[1.250s] DEBUG:colcon.colcon_core.event_handler.log_command:Invoked command in '/home/bottledsmoke/drone_nav_ws/build/perception_stack' returned '0': PYTHONPATH=/home/bottledsmoke/drone_nav_ws/build/perception_stack/prefix_override:/usr/lib/python3/dist-packages/colcon_core/task/python/colcon_distutils_commands:/home/bottledsmoke/drone_nav_ws/install/perception_stack/lib/python3.10/site-packages:${PYTHONPATH} /usr/bin/python3 -W ignore:setup.py install is deprecated -W ignore:easy_install command is deprecated setup.py develop --editable --build-directory /home/bottledsmoke/drone_nav_ws/build/perception_stack/build --no-deps symlink_data
[1.250s] INFO:colcon.colcon_core.shell:Creating environment descriptor '/home/bottledsmoke/drone_nav_ws/build/perception_stack/share/perception_stack/hook/pythonpath_develop.dsv'
[1.250s] INFO:colcon.colcon_core.shell:Creating environment hook '/home/bottledsmoke/drone_nav_ws/build/perception_stack/share/perception_stack/hook/pythonpath_develop.sh'
[1.255s] Level 1:colcon.colcon_core.environment:checking '/home/bottledsmoke/drone_nav_ws/install/perception_stack' for CMake module files
[1.255s] Level 1:colcon.colcon_core.environment:checking '/home/bottledsmoke/drone_nav_ws/install/perception_stack' for CMake config files
[1.256s] Level 1:colcon.colcon_core.environment:checking '/home/bottledsmoke/drone_nav_ws/install/perception_stack/lib'
[1.256s] Level 1:colcon.colcon_core.environment:checking '/home/bottledsmoke/drone_nav_ws/install/perception_stack/bin'
[1.256s] Level 1:colcon.colcon_core.environment:checking '/home/bottledsmoke/drone_nav_ws/install/perception_stack/lib/pkgconfig/perception_stack.pc'
[1.257s] Level 1:colcon.colcon_core.environment:checking '/home/bottledsmoke/drone_nav_ws/install/perception_stack/lib/python3.10/site-packages'
[1.257s] Level 1:colcon.colcon_core.shell:create_environment_hook('perception_stack', 'pythonpath')
[1.257s] INFO:colcon.colcon_core.shell:Creating environment hook '/home/bottledsmoke/drone_nav_ws/install/perception_stack/share/perception_stack/hook/pythonpath.ps1'
[1.257s] INFO:colcon.colcon_core.shell:Creating environment descriptor '/home/bottledsmoke/drone_nav_ws/install/perception_stack/share/perception_stack/hook/pythonpath.dsv'
[1.258s] INFO:colcon.colcon_core.shell:Creating environment hook '/home/bottledsmoke/drone_nav_ws/install/perception_stack/share/perception_stack/hook/pythonpath.sh'
[1.258s] Level 1:colcon.colcon_core.environment:checking '/home/bottledsmoke/drone_nav_ws/install/perception_stack/bin'
[1.258s] Level 1:colcon.colcon_core.environment:create_environment_scripts_only(perception_stack)
[1.259s] INFO:colcon.colcon_core.shell:Creating package script '/home/bottledsmoke/drone_nav_ws/install/perception_stack/share/perception_stack/package.ps1'
[1.260s] INFO:colcon.colcon_core.shell:Creating package descriptor '/home/bottledsmoke/drone_nav_ws/install/perception_stack/share/perception_stack/package.dsv'
[1.260s] INFO:colcon.colcon_core.shell:Creating package script '/home/bottledsmoke/drone_nav_ws/install/perception_stack/share/perception_stack/package.sh'
[1.261s] INFO:colcon.colcon_core.shell:Creating package script '/home/bottledsmoke/drone_nav_ws/install/perception_stack/share/perception_stack/package.bash'
[1.261s] INFO:colcon.colcon_core.shell:Creating package script '/home/bottledsmoke/drone_nav_ws/install/perception_stack/share/perception_stack/package.zsh'
[1.262s] Level 1:colcon.colcon_core.environment:create_file_with_runtime_dependencies(/home/bottledsmoke/drone_nav_ws/install/perception_stack/share/colcon-core/packages/perception_stack)
[1.262s] DEBUG:colcon.colcon_parallel_executor.executor.parallel:closing loop
[1.262s] DEBUG:colcon.colcon_parallel_executor.executor.parallel:loop closed
[1.262s] DEBUG:colcon.colcon_parallel_executor.executor.parallel:run_until_complete finished with '0'
[1.262s] DEBUG:colcon.colcon_core.event_reactor:joining thread
[1.266s] INFO:colcon.colcon_core.plugin_system:Skipping extension 'colcon_notification.desktop_notification.terminal_notifier': Not used on non-Darwin systems
[1.266s] INFO:colcon.colcon_core.plugin_system:Skipping extension 'colcon_notification.desktop_notification.win32': Not used on non-Windows systems
[1.266s] INFO:colcon.colcon_notification.desktop_notification:Sending desktop notification using 'notify2'
[1.279s] DEBUG:colcon.colcon_core.event_reactor:joined thread
[1.279s] INFO:colcon.colcon_core.shell:Creating prefix script '/home/bottledsmoke/drone_nav_ws/install/local_setup.ps1'
[1.281s] INFO:colcon.colcon_core.shell:Creating prefix util module '/home/bottledsmoke/drone_nav_ws/install/_local_setup_util_ps1.py'
[1.282s] INFO:colcon.colcon_core.shell:Creating prefix chain script '/home/bottledsmoke/drone_nav_ws/install/setup.ps1'
[1.282s] INFO:colcon.colcon_core.shell:Creating prefix script '/home/bottledsmoke/drone_nav_ws/install/local_setup.sh'
[1.283s] INFO:colcon.colcon_core.shell:Creating prefix util module '/home/bottledsmoke/drone_nav_ws/install/_local_setup_util_sh.py'
[1.283s] INFO:colcon.colcon_core.shell:Creating prefix chain script '/home/bottledsmoke/drone_nav_ws/install/setup.sh'
[1.284s] INFO:colcon.colcon_core.shell:Creating prefix script '/home/bottledsmoke/drone_nav_ws/install/local_setup.bash'
[1.284s] INFO:colcon.colcon_core.shell:Creating prefix chain script '/home/bottledsmoke/drone_nav_ws/install/setup.bash'
[1.285s] INFO:colcon.colcon_core.shell:Creating prefix script '/home/bottledsmoke/drone_nav_ws/install/local_setup.zsh'
[1.285s] INFO:colcon.colcon_core.shell:Creating prefix chain script '/home/bottledsmoke/drone_nav_ws/install/setup.zsh'
